06/16/2025 04:45:45 PM - INFO - ====== WebDriver manager ======
06/16/2025 04:45:46 PM - INFO - Get LATEST chromedriver version for google-chrome
06/16/2025 04:45:46 PM - INFO - Get LATEST chromedriver version for google-chrome
06/16/2025 04:45:46 PM - INFO - Driver [C:\Users\Fleek IT\.wdm\drivers\chromedriver\win64\137.0.7151.70\chromedriver-win32/chromedriver.exe] found in cache
06/16/2025 04:45:47 PM - INFO - ******* Setting Up Test *******
06/16/2025 04:45:50 PM - INFO - ******* Test_Base *******
06/16/2025 04:45:50 PM - INFO - ===== Starting Bench Matching Positions Search Test =====
06/16/2025 04:45:51 PM - INFO - Clicked Bench tab
06/16/2025 04:45:53 PM - INFO - Clicked on Matching Positions
06/16/2025 04:45:54 PM - INFO - Entered search text: QA Engineer
06/16/2025 04:45:56 PM - INFO - ******* Tearing Down Test *******
06/16/2025 04:45:57 PM - WARNING - Teardown warning: Message: element click intercepted: Element <div class="text-info flex items-center justify-end text-indigo-500 cursor-pointer px-2 hover:text-indigo-700">...</div> is not clickable at point (90, 518). Other element would receive the click: <div aria-hidden="true" class="MuiBackdrop-root MuiModal-backdrop css-14dl35y" style="opacity: 1; transition: opacity 225ms cubic-bezier(0.4, 0, 0.2, 1);"></div>
  (Session info: chrome=137.0.7151.104)
Stacktrace:
	GetHandleVerifier [0x0xca3783+63299]
	GetHandleVerifier [0x0xca37c4+63364]
	(No symbol) [0x0xad1113]
	(No symbol) [0x0xb1fbb0]
	(No symbol) [0x0xb1df6a]
	(No symbol) [0x0xb1bad7]
	(No symbol) [0x0xb1ada7]
	(No symbol) [0x0xb0f445]
	(No symbol) [0x0xb3e57c]
	(No symbol) [0x0xb0eed4]
	(No symbol) [0x0xb3e7f4]
	(No symbol) [0x0xb5fa4a]
	(No symbol) [0x0xb3e376]
	(No symbol) [0x0xb0d6e0]
	(No symbol) [0x0xb0e544]
	GetHandleVerifier [0x0xefe073+2531379]
	GetHandleVerifier [0x0xef9372+2511666]
	GetHandleVerifier [0x0xcc9efa+220858]
	GetHandleVerifier [0x0xcba548+156936]
	GetHandleVerifier [0x0xcc0c7d+183357]
	GetHandleVerifier [0x0xcab6e8+95912]
	GetHandleVerifier [0x0xcab890+96336]
	GetHandleVerifier [0x0xc9666a+9770]
	BaseThreadInitThunk [0x0x75785d49+25]
	RtlInitializeExceptionChain [0x0x77aed03b+107]
	RtlGetAppContainerNamedObjectPath [0x0x77aecfc1+561]

