06/16/2025 04:44:51 PM - INFO - ====== WebDriver manager ======
06/16/2025 04:44:52 PM - INFO - Get LATEST chromedriver version for google-chrome
06/16/2025 04:44:52 PM - INFO - Get LATEST chromedriver version for google-chrome
06/16/2025 04:44:52 PM - INFO - Driver [C:\Users\Fleek IT\.wdm\drivers\chromedriver\win64\137.0.7151.70\chromedriver-win32/chromedriver.exe] found in cache
06/16/2025 04:44:54 PM - INFO - ******* Opening Browser *******
06/16/2025 04:44:57 PM - INFO - ******* Test_Base *******
06/16/2025 04:44:57 PM - INFO - ====opening the browser =====
06/16/2025 04:44:58 PM - INFO - ===== Starting Signup process =====
06/16/2025 04:44:59 PM - INFO - Clicked On signup
06/16/2025 04:44:59 PM - INFO - enter the first name
06/16/2025 04:44:59 PM - INFO - enter the last name
06/16/2025 04:44:59 PM - INFO - enter the company name
06/16/2025 04:44:59 PM - INFO - enter the email address
06/16/2025 04:44:59 PM - INFO - enter the password
06/16/2025 04:45:02 PM - INFO - ******* Test_Base *******
06/16/2025 04:45:02 PM - INFO - ===== Starting login with wrong credentials =====
06/16/2025 04:45:02 PM - INFO - ******* Setting Up Test *******
06/16/2025 04:45:02 PM - INFO - ******* Setting Up Test *******
06/16/2025 04:45:02 PM - INFO - ******* Test_Base *******
06/16/2025 04:45:02 PM - INFO - ******* Opening Browser *******
06/16/2025 04:45:02 PM - INFO - ******* Test_Base *******
06/16/2025 04:45:02 PM - INFO - ******* Opening Browser *******
