06/17/2025 10:42:14 AM - INFO - ====== WebDriver manager ======
06/17/2025 10:42:15 AM - INFO - Get LATEST chromedriver version for google-chrome
06/17/2025 10:42:15 AM - INFO - Get LATEST chromedriver version for google-chrome
06/17/2025 10:42:15 AM - INFO - Get LATEST chromedriver version for google-chrome
06/17/2025 10:42:16 AM - INFO - WebDriver version 137.0.7151.70 selected
06/17/2025 10:42:16 AM - INFO - Modern chrome version https://storage.googleapis.com/chrome-for-testing-public/137.0.7151.70/win32/chromedriver-win32.zip
06/17/2025 10:42:16 AM - INFO - About to download new driver from https://storage.googleapis.com/chrome-for-testing-public/137.0.7151.70/win32/chromedriver-win32.zip
06/17/2025 10:42:16 AM - INFO - Driver downloading response is 200
06/17/2025 10:42:17 AM - INFO - Get LATEST chromedriver version for google-chrome
06/17/2025 10:42:17 AM - INFO - Driver has been saved in cache [C:\Users\Fleek IT\.wdm\drivers\chromedriver\win64\137.0.7151.70]
06/17/2025 10:42:20 AM - INFO - ******* Setting Up Test *******
06/17/2025 10:42:23 AM - INFO - ******* Test_Base *******
06/17/2025 10:42:23 AM - INFO - ===== Starting Requirement Search Test =====
06/17/2025 10:42:24 AM - INFO - Clicked Requirement tab
06/17/2025 10:42:28 AM - INFO - Clicked Requirement tab
06/17/2025 10:42:28 AM - INFO - Entered search text: PRIYA SHARMA
06/17/2025 10:42:31 AM - INFO - ******* Tearing Down Test *******
06/17/2025 10:42:33 AM - WARNING - Teardown warning: Message: element click intercepted: Element <div class="text-info flex items-center justify-end text-indigo-500 cursor-pointer px-2 hover:text-indigo-700">...</div> is not clickable at point (90, 518). Other element would receive the click: <div aria-hidden="true" class="MuiBackdrop-root MuiModal-backdrop css-14dl35y" style="opacity: 1; transition: opacity 225ms cubic-bezier(0.4, 0, 0.2, 1);"></div>
  (Session info: chrome=137.0.7151.104)
Stacktrace:
	GetHandleVerifier [0x0x2d3783+63299]
	GetHandleVerifier [0x0x2d37c4+63364]
	(No symbol) [0x0x101113]
	(No symbol) [0x0x14fbb0]
	(No symbol) [0x0x14df6a]
	(No symbol) [0x0x14bad7]
	(No symbol) [0x0x14ada7]
	(No symbol) [0x0x13f445]
	(No symbol) [0x0x16e57c]
	(No symbol) [0x0x13eed4]
	(No symbol) [0x0x16e7f4]
	(No symbol) [0x0x18fa4a]
	(No symbol) [0x0x16e376]
	(No symbol) [0x0x13d6e0]
	(No symbol) [0x0x13e544]
	GetHandleVerifier [0x0x52e073+2531379]
	GetHandleVerifier [0x0x529372+2511666]
	GetHandleVerifier [0x0x2f9efa+220858]
	GetHandleVerifier [0x0x2ea548+156936]
	GetHandleVerifier [0x0x2f0c7d+183357]
	GetHandleVerifier [0x0x2db6e8+95912]
	GetHandleVerifier [0x0x2db890+96336]
	GetHandleVerifier [0x0x2c666a+9770]
	BaseThreadInitThunk [0x0x75785d49+25]
	RtlInitializeExceptionChain [0x0x77aed03b+107]
	RtlGetAppContainerNamedObjectPath [0x0x77aecfc1+561]
	(No symbol) [0x0]

